2026-03-09T03:01:08.933580Z  WARN ralph::loop_runner: Interactive mode requested but stdout is not a TTY, falling back to autonomous
2026-03-09T03:01:08.943920Z  INFO ralph::loop_runner: I'm Ralph. Let's do this.
2026-03-09T03:01:08.944148Z  INFO ralph_core::event_loop: Memory injection check: enabled=true, inject=Auto, workspace_root="/Users/whit/src/re.kriate"
2026-03-09T03:01:08.944348Z  INFO ralph_core::event_loop: Looking for memories at: "/Users/whit/src/re.kriate/.ralph/agent/memories.md" (exists: true)
2026-03-09T03:01:08.947624Z  INFO ralph_core::event_loop: Successfully loaded 17 memories from store
2026-03-09T03:01:08.947660Z  INFO ralph_core::event_loop: Injecting 17 memories (12518 chars) into prompt
2026-03-09T03:01:08.949403Z  INFO ralph_core::event_loop: Injecting ready tasks (0 ready, 0 open, 21 closed) into prompt
2026-03-09T03:03:02.720592Z  INFO ralph_core::event_loop: Memory injection check: enabled=true, inject=Auto, workspace_root="/Users/whit/src/re.kriate"
2026-03-09T03:03:02.720761Z  INFO ralph_core::event_loop: Looking for memories at: "/Users/whit/src/re.kriate/.ralph/agent/memories.md" (exists: true)
2026-03-09T03:03:02.721874Z  INFO ralph_core::event_loop: Successfully loaded 18 memories from store
2026-03-09T03:03:02.722030Z  INFO ralph_core::event_loop: Injecting 18 memories (12842 chars) into prompt
2026-03-09T03:03:02.722298Z  INFO ralph_core::event_loop: Injecting scratchpad (1792 chars) into prompt
2026-03-09T03:03:02.722723Z  INFO ralph_core::event_loop: Injecting ready tasks (1 ready, 2 open, 22 closed) into prompt
2026-03-09T03:06:00.654701Z  INFO ralph_core::event_loop: Memory injection check: enabled=true, inject=Auto, workspace_root="/Users/whit/src/re.kriate"
2026-03-09T03:06:00.654834Z  INFO ralph_core::event_loop: Looking for memories at: "/Users/whit/src/re.kriate/.ralph/agent/memories.md" (exists: true)
2026-03-09T03:06:00.655323Z  INFO ralph_core::event_loop: Successfully loaded 19 memories from store
2026-03-09T03:06:00.655510Z  INFO ralph_core::event_loop: Injecting 19 memories (13163 chars) into prompt
2026-03-09T03:06:00.655630Z  INFO ralph_core::event_loop: Injecting scratchpad (3047 chars) into prompt
2026-03-09T03:06:00.655724Z  INFO ralph_core::event_loop: Injecting ready tasks (1 ready, 1 open, 23 closed) into prompt
2026-03-09T03:09:06.411877Z  INFO ralph_core::event_loop: Completion event detected in JSONL topic=LOOP_COMPLETE
2026-03-09T03:09:06.412668Z  INFO ralph_core::event_loop: Completion event detected - terminating
2026-03-09T03:09:06.412854Z  INFO ralph::loop_runner: Completion event LOOP_COMPLETE detected.
2026-03-09T03:09:06.413023Z  INFO ralph_core::event_loop: Wrapping up: completed. 3 iterations in 7m 57s. reason=completed iterations=3 duration=7m 57s
2026-03-09T03:09:06.422382Z  INFO ralph_core::landing: Beginning landing sequence loop_id=primary
