[2m2026-03-09T00:50:10.514713Z[0m [33m WARN[0m [2mralph::loop_runner[0m[2m:[0m Interactive mode requested but stdout is not a TTY, falling back to autonomous
[2m2026-03-09T00:50:10.520457Z[0m [32m INFO[0m [2mralph_core::event_loop[0m[2m:[0m Memory injection check: enabled=true, inject=Auto, workspace_root="/Users/whit/src/re.kriate"
[2m2026-03-09T00:50:10.520610Z[0m [32m INFO[0m [2mralph_core::event_loop[0m[2m:[0m Looking for memories at: "/Users/whit/src/re.kriate/.ralph/agent/memories.md" (exists: true)
[2m2026-03-09T00:50:10.524264Z[0m [32m INFO[0m [2mralph_core::event_loop[0m[2m:[0m Successfully loaded 10 memories from store
[2m2026-03-09T00:50:10.524292Z[0m [32m INFO[0m [2mralph_core::event_loop[0m[2m:[0m Injecting 10 memories (10033 chars) into prompt
[2m2026-03-09T00:50:10.525109Z[0m [32m INFO[0m [2mralph_core::event_loop[0m[2m:[0m Injecting ready tasks (0 ready, 0 open, 18 closed) into prompt
[2m2026-03-09T00:54:05.697824Z[0m [32m INFO[0m [2mralph_core::event_loop[0m[2m:[0m Memory injection check: enabled=true, inject=Auto, workspace_root="/Users/whit/src/re.kriate"
[2m2026-03-09T00:54:05.698025Z[0m [32m INFO[0m [2mralph_core::event_loop[0m[2m:[0m Looking for memories at: "/Users/whit/src/re.kriate/.ralph/agent/memories.md" (exists: true)
[2m2026-03-09T00:54:05.698454Z[0m [32m INFO[0m [2mralph_core::event_loop[0m[2m:[0m Successfully loaded 13 memories from store
[2m2026-03-09T00:54:05.698484Z[0m [32m INFO[0m [2mralph_core::event_loop[0m[2m:[0m Injecting 13 memories (11023 chars) into prompt
[2m2026-03-09T00:54:05.698523Z[0m [32m INFO[0m [2mralph_core::event_loop[0m[2m:[0m Injecting scratchpad (1829 chars) into prompt
[2m2026-03-09T00:54:05.698713Z[0m [32m INFO[0m [2mralph_core::event_loop[0m[2m:[0m Injecting ready tasks (1 ready, 2 open, 19 closed) into prompt
[2m2026-03-09T00:57:56.329424Z[0m [32m INFO[0m [2mralph_core::event_loop[0m[2m:[0m Memory injection check: enabled=true, inject=Auto, workspace_root="/Users/whit/src/re.kriate"
[2m2026-03-09T00:57:56.329704Z[0m [32m INFO[0m [2mralph_core::event_loop[0m[2m:[0m Looking for memories at: "/Users/whit/src/re.kriate/.ralph/agent/memories.md" (exists: true)
[2m2026-03-09T00:57:56.330271Z[0m [32m INFO[0m [2mralph_core::event_loop[0m[2m:[0m Successfully loaded 15 memories from store
[2m2026-03-09T00:57:56.330306Z[0m [32m INFO[0m [2mralph_core::event_loop[0m[2m:[0m Injecting 15 memories (11785 chars) into prompt
[2m2026-03-09T00:57:56.330485Z[0m [32m INFO[0m [2mralph_core::event_loop[0m[2m:[0m Injecting scratchpad (2603 chars) into prompt
[2m2026-03-09T00:57:56.330663Z[0m [32m INFO[0m [2mralph_core::event_loop[0m[2m:[0m Injecting ready tasks (1 ready, 1 open, 20 closed) into prompt
[2m2026-03-09T01:03:06.540842Z[0m [32m INFO[0m [2mralph_core::event_loop[0m[2m:[0m Completion event detected in JSONL [3mtopic[0m[2m=[0mLOOP_COMPLETE
[2m2026-03-09T01:03:06.542486Z[0m [32m INFO[0m [2mralph_core::event_loop[0m[2m:[0m Completion event detected - terminating
[2m2026-03-09T01:03:06.543004Z[0m [32m INFO[0m [2mralph::loop_runner[0m[2m:[0m Completion event LOOP_COMPLETE detected.
[2m2026-03-09T01:03:06.543033Z[0m [32m INFO[0m [2mralph_core::event_loop[0m[2m:[0m Wrapping up: completed. 3 iterations in 12m 56s. [3mreason[0m[2m=[0mcompleted [3miterations[0m[2m=[0m3 [3mduration[0m[2m=[0m12m 56s
[2m2026-03-09T01:03:06.551758Z[0m [32m INFO[0m [2mralph_core::landing[0m[2m:[0m Beginning landing sequence [3mloop_id[0m[2m=[0mprimary
[2m2026-03-09T01:03:06.681818Z[0m [32m INFO[0m [2mralph_core::landing[0m[2m:[0m Auto-committed changes during landing [3mloop_id[0m[2m=[0mprimary [3mcommit[0m[2m=[0mSome("ad128dea53a2fc927924ec50439c06320d9423bc") [3mfiles[0m[2m=[0m60
[2m2026-03-09T01:03:07.083421Z[0m [32m INFO[0m [2mralph_core::landing[0m[2m:[0m Generated handoff file [3mloop_id[0m[2m=[0mprimary [3mpath[0m[2m=[0m/Users/whit/src/re.kriate/.ralph/agent/handoff.md [3mcompleted[0m[2m=[0m21 [3mopen[0m[2m=[0m0
[2m2026-03-09T01:03:07.089362Z[0m [32m INFO[0m [2mralph_core::loop_completion[0m[2m:[0m Landing completed with auto-commit [3mcommit[0m[2m=[0mSome("ad128dea53a2fc927924ec50439c06320d9423bc") [3mhandoff[0m[2m=[0m/Users/whit/src/re.kriate/.ralph/agent/handoff.md
[2m2026-03-09T01:03:07.089372Z[0m [32m INFO[0m [2mralph::loop_runner[0m[2m:[0m Primary loop landed successfully [3mcommitted[0m[2m=[0mtrue [3mhandoff[0m[2m=[0m/Users/whit/src/re.kriate/.ralph/agent/handoff.md [3mopen_tasks[0m[2m=[0m0
