2026-03-07T15:41:02.955878Z  WARN ralph::preflight: Config file "presets/spec-driven.yml" not found, using defaults
2026-03-07T15:41:03.070906Z  INFO ralph_core::event_loop: Memory injection check: enabled=true, inject=Auto, workspace_root="/Users/whit/src/re.kriate"
2026-03-07T15:41:03.070936Z  INFO ralph_core::event_loop: Looking for memories at: "/Users/whit/src/re.kriate/.ralph/agent/memories.md" (exists: false)
2026-03-07T15:41:03.070940Z  INFO ralph_core::event_loop: Successfully loaded 0 memories from store
2026-03-07T15:41:03.070943Z  INFO ralph_core::event_loop: Memory store is empty - no memories to inject
2026-03-07T15:41:03.071259Z  INFO ralph_core::event_loop: Injecting ready tasks (2 ready, 2 open, 11 closed) into prompt
2026-03-07T15:44:15.768075Z  INFO ralph_core::event_loop: Memory injection check: enabled=true, inject=Auto, workspace_root="/Users/whit/src/re.kriate"
2026-03-07T15:44:15.768212Z  INFO ralph_core::event_loop: Looking for memories at: "/Users/whit/src/re.kriate/.ralph/agent/memories.md" (exists: false)
2026-03-07T15:44:15.768223Z  INFO ralph_core::event_loop: Successfully loaded 0 memories from store
2026-03-07T15:44:15.768228Z  INFO ralph_core::event_loop: Memory store is empty - no memories to inject
2026-03-07T15:44:15.768414Z  INFO ralph_core::event_loop: Injecting scratchpad (1373 chars) into prompt
2026-03-07T15:44:15.768848Z  INFO ralph_core::event_loop: Injecting ready tasks (1 ready, 1 open, 12 closed) into prompt
2026-03-07T15:50:00.869136Z  INFO ralph_core::event_loop: Completion event detected in JSONL topic=LOOP_COMPLETE
2026-03-07T15:50:00.869664Z  INFO ralph_core::event_loop: Completion event detected - terminating
2026-03-07T15:50:00.869688Z  INFO ralph::loop_runner: Completion event LOOP_COMPLETE detected.
2026-03-07T15:50:00.869701Z  INFO ralph_core::event_loop: Wrapping up: completed. 2 iterations in 8m 57s. reason=completed iterations=2 duration=8m 57s
2026-03-07T15:50:00.887171Z  INFO ralph_core::landing: Beginning landing sequence loop_id=primary
2026-03-07T15:50:00.979126Z  INFO ralph_core::landing: Auto-committed changes during landing loop_id=primary commit=Some("fd4818ae62d652c993dcf58877f5df2dcfc07061") files=78
2026-03-07T15:50:01.360130Z  INFO ralph_core::landing: Generated handoff file loop_id=primary path=/Users/whit/src/re.kriate/.ralph/agent/handoff.md completed=13 open=0
2026-03-07T15:50:01.400634Z  INFO ralph_core::loop_completion: Landing completed with auto-commit commit=Some("fd4818ae62d652c993dcf58877f5df2dcfc07061") handoff=/Users/whit/src/re.kriate/.ralph/agent/handoff.md
2026-03-07T15:50:01.400652Z  INFO ralph::loop_runner: Primary loop landed successfully committed=true handoff=/Users/whit/src/re.kriate/.ralph/agent/handoff.md open_tasks=0
