2026-03-08T17:07:03.390325Z  INFO ralph_core::event_loop: Memory injection check: enabled=true, inject=Auto, workspace_root="/Users/whit/src/re.kriate"
2026-03-08T17:07:03.390582Z  INFO ralph_core::event_loop: Looking for memories at: "/Users/whit/src/re.kriate/.ralph/agent/memories.md" (exists: false)
2026-03-08T17:07:03.390590Z  INFO ralph_core::event_loop: Successfully loaded 0 memories from store
2026-03-08T17:07:03.390594Z  INFO ralph_core::event_loop: Memory store is empty - no memories to inject
2026-03-08T17:07:03.390790Z  INFO ralph_core::event_loop: Injecting ready tasks (0 ready, 0 open, 7 closed) into prompt
2026-03-08T17:11:35.009920Z  INFO ralph::loop_runner: Wrote TUI guidance events to events.jsonl count=1
2026-03-08T17:11:35.010136Z  INFO ralph_core::event_loop: Memory injection check: enabled=true, inject=Auto, workspace_root="/Users/whit/src/re.kriate"
2026-03-08T17:11:35.010147Z  INFO ralph_core::event_loop: Looking for memories at: "/Users/whit/src/re.kriate/.ralph/agent/memories.md" (exists: true)
2026-03-08T17:11:35.013199Z  INFO ralph_core::event_loop: Successfully loaded 2 memories from store
2026-03-08T17:11:35.013223Z  INFO ralph_core::event_loop: Injecting 2 memories (552 chars) into prompt
2026-03-08T17:11:35.013275Z  INFO ralph_core::event_loop: Injecting scratchpad (2292 chars) into prompt
2026-03-08T17:11:35.013440Z  INFO ralph_core::event_loop: Injecting ready tasks (3 ready, 3 open, 8 closed) into prompt
2026-03-08T17:14:31.918565Z  INFO ralph_core::event_loop: Persisted human guidance to scratchpad count=1
2026-03-08T17:14:31.918824Z  INFO ralph_core::event_loop: Memory injection check: enabled=true, inject=Auto, workspace_root="/Users/whit/src/re.kriate"
2026-03-08T17:14:31.918833Z  INFO ralph_core::event_loop: Looking for memories at: "/Users/whit/src/re.kriate/.ralph/agent/memories.md" (exists: true)
2026-03-08T17:14:31.919256Z  INFO ralph_core::event_loop: Successfully loaded 4 memories from store
2026-03-08T17:14:31.919263Z  INFO ralph_core::event_loop: Injecting 4 memories (1129 chars) into prompt
2026-03-08T17:14:31.919284Z  INFO ralph_core::event_loop: Injecting scratchpad (3809 chars) into prompt
2026-03-08T17:14:31.919524Z  INFO ralph_core::event_loop: Injecting ready tasks (2 ready, 2 open, 9 closed) into prompt
2026-03-08T17:16:18.149181Z  INFO ralph_core::event_loop: Memory injection check: enabled=true, inject=Auto, workspace_root="/Users/whit/src/re.kriate"
2026-03-08T17:16:18.149449Z  INFO ralph_core::event_loop: Looking for memories at: "/Users/whit/src/re.kriate/.ralph/agent/memories.md" (exists: true)
2026-03-08T17:16:18.149667Z  INFO ralph_core::event_loop: Successfully loaded 5 memories from store
2026-03-08T17:16:18.149678Z  INFO ralph_core::event_loop: Injecting 5 memories (1389 chars) into prompt
2026-03-08T17:16:18.149708Z  INFO ralph_core::event_loop: Injecting scratchpad (5375 chars) into prompt
2026-03-08T17:16:18.149762Z  INFO ralph_core::event_loop: Injecting ready tasks (1 ready, 1 open, 10 closed) into prompt
2026-03-08T17:19:27.654258Z  INFO ralph_core::event_loop: Memory injection check: enabled=true, inject=Auto, workspace_root="/Users/whit/src/re.kriate"
2026-03-08T17:19:27.656691Z  INFO ralph_core::event_loop: Looking for memories at: "/Users/whit/src/re.kriate/.ralph/agent/memories.md" (exists: true)
2026-03-08T17:19:27.657570Z  INFO ralph_core::event_loop: Successfully loaded 8 memories from store
2026-03-08T17:19:27.657618Z  INFO ralph_core::event_loop: Injecting 8 memories (9413 chars) into prompt
2026-03-08T17:19:27.657663Z  INFO ralph_core::event_loop: Injecting scratchpad (7361 chars) into prompt
2026-03-08T17:19:27.657890Z  INFO ralph_core::event_loop: Injecting ready tasks (2 ready, 2 open, 11 closed) into prompt
2026-03-08T17:22:30.481207Z  INFO ralph_core::event_loop: Memory injection check: enabled=true, inject=Auto, workspace_root="/Users/whit/src/re.kriate"
2026-03-08T17:22:30.481390Z  INFO ralph_core::event_loop: Looking for memories at: "/Users/whit/src/re.kriate/.ralph/agent/memories.md" (exists: true)
2026-03-08T17:22:30.481708Z  INFO ralph_core::event_loop: Successfully loaded 9 memories from store
2026-03-08T17:22:30.481746Z  INFO ralph_core::event_loop: Injecting 9 memories (9734 chars) into prompt
2026-03-08T17:22:30.481784Z  INFO ralph_core::event_loop: Injecting scratchpad (9385 chars) into prompt
2026-03-08T17:22:30.481966Z  INFO ralph_core::event_loop: Injecting ready tasks (1 ready, 1 open, 12 closed) into prompt
